<?xml version="1.0" encoding="UTF-8"?>
<testsuite name="com.example.ConsumerProducer.ClientPactTest" tests="1" skipped="0" failures="0" errors="0" timestamp="2022-02-12T20:02:00" hostname="PULKIT-PC" time="1.125">
  <properties/>
  <testcase name="pactWithOurProvider" classname="com.example.ConsumerProducer.ClientPactTest" time="1.125"/>
  <system-out><![CDATA[01:31:58.504 [Test worker] DEBUG org.springframework.test.annotation.ProfileValueUtils - Retrieved @ProfileValueSourceConfiguration [null] for test class [com.example.ConsumerProducer.ClientPactTest]
01:31:58.504 [Test worker] DEBUG org.springframework.test.annotation.ProfileValueUtils - Retrieved ProfileValueSource type [class org.springframework.test.annotation.SystemProfileValueSource] for class [com.example.ConsumerProducer.ClientPactTest]
01:31:58.504 [Test worker] DEBUG org.springframework.test.annotation.ProfileValueUtils - Retrieved @ProfileValueSourceConfiguration [null] for test class [com.example.ConsumerProducer.ClientPactTest]
01:31:58.504 [Test worker] DEBUG org.springframework.test.annotation.ProfileValueUtils - Retrieved ProfileValueSource type [class org.springframework.test.annotation.SystemProfileValueSource] for class [com.example.ConsumerProducer.ClientPactTest]
01:31:58.504 [Test worker] DEBUG org.springframework.test.context.support.AbstractDirtiesContextTestExecutionListener - Before test class: context [DefaultTestContext@2cba37f1 testClass = ClientPactTest, testInstance = [null], testMethod = [null], testException = [null], mergedContextConfiguration = [WebMergedContextConfiguration@7c6024bc testClass = ClientPactTest, locations = '{}', classes = '{class com.example.ConsumerProducer.ConsumerProducerApplication}', contextInitializerClasses = '[]', activeProfiles = '{}', propertySourceLocations = '{}', propertySourceProperties = '{org.springframework.boot.test.context.SpringBootTestContextBootstrapper=true}', contextCustomizers = set[org.springframework.boot.test.autoconfigure.properties.PropertyMappingContextCustomizer@0, org.springframework.boot.test.autoconfigure.web.servlet.WebDriverContextCustomizerFactory$Customizer@483ddb6c, org.springframework.boot.test.context.filter.ExcludeFilterContextCustomizer@1d13c093, org.springframework.boot.test.json.DuplicateJsonObjectContextCustomizerFactory$DuplicateJsonObjectContextCustomizer@45c4ac7, org.springframework.boot.test.mock.mockito.MockitoContextCustomizer@0, org.springframework.boot.test.web.client.TestRestTemplateContextCustomizer@7097f0c5, org.springframework.boot.test.context.SpringBootTestArgs@1, org.springframework.boot.test.context.SpringBootTestWebEnvironment@3562e8d8], resourceBasePath = 'src/main/webapp', contextLoader = 'org.springframework.boot.test.context.SpringBootContextLoader', parent = [null]], attributes = map['org.springframework.test.context.web.ServletTestExecutionListener.activateListener' -> true]], class annotated with @DirtiesContext [false] with mode [null].
01:31:58.514 [Test worker] DEBUG org.springframework.test.annotation.ProfileValueUtils - Retrieved @ProfileValueSourceConfiguration [null] for test class [com.example.ConsumerProducer.ClientPactTest]
01:31:58.514 [Test worker] DEBUG org.springframework.test.annotation.ProfileValueUtils - Retrieved ProfileValueSource type [class org.springframework.test.annotation.SystemProfileValueSource] for class [com.example.ConsumerProducer.ClientPactTest]
01:31:58.541 [Test worker] DEBUG org.springframework.test.context.support.TestPropertySourceUtils - Adding inlined properties to environment: {spring.jmx.enabled=false, org.springframework.boot.test.context.SpringBootTestContextBootstrapper=true}

  .   ____          _            __ _ _
 /\\ / ___'_ __ _ _(_)_ __  __ _ \ \ \ \
( ( )\___ | '_ | '_| | '_ \/ _` | \ \ \ \
 \\/  ___)| |_)| | | | | || (_| |  ) ) ) )
  '  |____| .__|_| |_|_| |_\__, | / / / /
 =========|_|==============|___/=/_/_/_/
 :: Spring Boot ::        (v2.3.5.RELEASE)

2022-02-13 01:31:58.779  WARN 9128 --- [    Test worker] ory$DuplicateJsonObjectContextCustomizer : 

Found multiple occurrences of org.json.JSONObject on the class path:

	jar:file:/C:/Users/thepu/.gradle/caches/modules-2/files-2.1/org.json/json/20090211/c183aa3a2a6250293808bba12262c8920ce5a51c/json-20090211.jar!/org/json/JSONObject.class
	jar:file:/C:/Users/thepu/.gradle/caches/modules-2/files-2.1/com.vaadin.external.google/android-json/0.0.20131108.vaadin1/fa26d351fe62a6a17f5cda1287c1c6110dec413f/android-json-0.0.20131108.vaadin1.jar!/org/json/JSONObject.class

You may wish to exclude one of them to ensure predictable runtime behavior

2022-02-13 01:31:58.794  INFO 9128 --- [    Test worker] c.e.ConsumerProducer.ClientPactTest      : Starting ClientPactTest on pulkit-pc with PID 9128 (started by thepu in C:\Users\thepu\Documents\GitHub\Pact-Java)
2022-02-13 01:31:58.794  INFO 9128 --- [    Test worker] c.e.ConsumerProducer.ClientPactTest      : No active profile set, falling back to default profiles: default
2022-02-13 01:31:58.959  WARN 9128 --- [kground-preinit] o.s.h.c.j.Jackson2ObjectMapperBuilder    : For Jackson Kotlin classes support please add "com.fasterxml.jackson.module:jackson-module-kotlin" to the classpath
2022-02-13 01:32:00.344  INFO 9128 --- [    Test worker] o.s.s.concurrent.ThreadPoolTaskExecutor  : Initializing ExecutorService 'applicationTaskExecutor'
2022-02-13 01:32:00.710  INFO 9128 --- [    Test worker] c.e.ConsumerProducer.ClientPactTest      : Started ClientPactTest in 2.158 seconds (JVM running for 3.456)
Server Started At:http://127.0.0.1:58693
Url passed to function is http://127.0.0.1:58693/fact?max_width=100
]]></system-out>
  <system-err><![CDATA[]]></system-err>
</testsuite>
